Release 12.3 - platgen Xilinx EDK 12.3 Build EDK_MS3.70d
 (nt)
Copyright (c) 1995-2010 Xilinx, Inc.  All rights reserved.

Command Line: platgen -p xc3s400aft256-4 -lang vhdl -lp C:/Avnet_Repository -msg
__xps/ise/xmsgprops.lst system.mhs 

Parse C:/Datos/Proyecto/PlacaSpartan3A/Avnet/Avnet_UPC/system.mhs ...

Read MPD definitions ...

Overriding IP level properties ...

Computing clock values...

Performing IP level DRCs on properties...

Running DRC Tcl procedures for OPTION IPLEVEL_DRC_PROC...
Address Map for Processor microblaze_0
  (0000000000-0x00007fff) dlmb_cntlr	dlmb
  (0000000000-0x00007fff) ilmb_cntlr	ilmb
  (0x81400000-0x8140ffff) LEDS_4BIT	mb_plb
  (0x81420000-0x8142ffff) CS_PUSH_3BIT	mb_plb
  (0x81600000-0x8160ffff) TEMP_SENSOR	mb_plb
  (0x81700000-0x8170ffff) MSP430_UART	mb_plb
  (0x81800000-0x8180ffff) xps_intc_0	mb_plb
  (0x83c00000-0x83c0ffff) xps_timer_0	mb_plb
  (0x84000000-0x8400ffff) USB_UART	mb_plb
  (0x84400000-0x8440ffff) mdm_0	mb_plb
  (0x84c00000-0x84ffffff) FLASH_2Mx16	mb_plb
  (0x84c00000-0x84ffffff) FLASH_2Mx16	microblaze_0_IXCL
INFO:EDK:1560 - IPNAME:plb_v46 INSTANCE:mb_plb -
   C:\Xilinx\12.3\ISE_DS\EDK\hw\XilinxProcessorIPLib\pcores\plb_v46_v1_05_a\data
   \plb_v46_v2_1_0.mpd line 69 - tool is overriding PARAMETER
   C_PLBV46_NUM_MASTERS value to 2
INFO:EDK:1560 - IPNAME:plb_v46 INSTANCE:mb_plb -
   C:\Xilinx\12.3\ISE_DS\EDK\hw\XilinxProcessorIPLib\pcores\plb_v46_v1_05_a\data
   \plb_v46_v2_1_0.mpd line 70 - tool is overriding PARAMETER
   C_PLBV46_NUM_SLAVES value to 9
INFO:EDK:1560 - IPNAME:plb_v46 INSTANCE:mb_plb -
   C:\Xilinx\12.3\ISE_DS\EDK\hw\XilinxProcessorIPLib\pcores\plb_v46_v1_05_a\data
   \plb_v46_v2_1_0.mpd line 71 - tool is overriding PARAMETER C_PLBV46_MID_WIDTH
   value to 1
INFO:EDK:1560 - IPNAME:plb_v46 INSTANCE:mb_plb -
   C:\Xilinx\12.3\ISE_DS\EDK\hw\XilinxProcessorIPLib\pcores\plb_v46_v1_05_a\data
   \plb_v46_v2_1_0.mpd line 73 - tool is overriding PARAMETER C_PLBV46_DWIDTH
   value to 32
INFO:EDK:1560 - IPNAME:lmb_v10 INSTANCE:ilmb -
   C:\Xilinx\12.3\ISE_DS\EDK\hw\XilinxProcessorIPLib\pcores\lmb_v10_v1_00_a\data
   \lmb_v10_v2_1_0.mpd line 70 - tool is overriding PARAMETER C_LMB_NUM_SLAVES
   value to 1
INFO:EDK:1560 - IPNAME:lmb_v10 INSTANCE:dlmb -
   C:\Xilinx\12.3\ISE_DS\EDK\hw\XilinxProcessorIPLib\pcores\lmb_v10_v1_00_a\data
   \lmb_v10_v2_1_0.mpd line 70 - tool is overriding PARAMETER C_LMB_NUM_SLAVES
   value to 1
INFO:EDK:1560 - IPNAME:bram_block INSTANCE:lmb_bram -
   C:\Xilinx\12.3\ISE_DS\EDK\hw\XilinxProcessorIPLib\pcores\bram_block_v1_00_a\d
   ata\bram_block_v2_1_0.mpd line 67 - tool is overriding PARAMETER C_MEMSIZE
   value to 0x8000
INFO:EDK:1560 - IPNAME:xps_uartlite INSTANCE:USB_UART -
   C:\Xilinx\12.3\ISE_DS\EDK\hw\XilinxProcessorIPLib\pcores\xps_uartlite_v1_01_a
   \data\xps_uartlite_v2_1_0.mpd line 74 - tool is overriding PARAMETER
   C_SPLB_NUM_MASTERS value to 2
INFO:EDK:1560 - IPNAME:xps_gpio INSTANCE:LEDS_4BIT -
   C:\Xilinx\12.3\ISE_DS\EDK\hw\XilinxProcessorIPLib\pcores\xps_gpio_v2_00_a\dat
   a\xps_gpio_v2_1_0.mpd line 72 - tool is overriding PARAMETER
   C_SPLB_NUM_MASTERS value to 2
INFO:EDK:1560 - IPNAME:xps_gpio INSTANCE:CS_PUSH_3BIT -
   C:\Xilinx\12.3\ISE_DS\EDK\hw\XilinxProcessorIPLib\pcores\xps_gpio_v2_00_a\dat
   a\xps_gpio_v2_1_0.mpd line 72 - tool is overriding PARAMETER
   C_SPLB_NUM_MASTERS value to 2
INFO:EDK:1560 - IPNAME:xps_iic INSTANCE:TEMP_SENSOR -
   C:\Xilinx\12.3\ISE_DS\EDK\hw\XilinxProcessorIPLib\pcores\xps_iic_v2_03_a\data
   \xps_iic_v2_1_0.mpd line 75 - tool is overriding PARAMETER C_SPLB_NUM_MASTERS
   value to 2
INFO:EDK:1560 - IPNAME:xps_mch_emc INSTANCE:FLASH_2Mx16 -
   C:\Xilinx\12.3\ISE_DS\EDK\hw\XilinxProcessorIPLib\pcores\xps_mch_emc_v3_01_a\
   data\xps_mch_emc_v2_1_0.mpd line 78 - tool is overriding PARAMETER
   C_SPLB_NUM_MASTERS value to 2
INFO:EDK:1560 - IPNAME:xps_timer INSTANCE:xps_timer_0 -
   C:\Xilinx\12.3\ISE_DS\EDK\hw\XilinxProcessorIPLib\pcores\xps_timer_v1_02_a\da
   ta\xps_timer_v2_1_0.mpd line 77 - tool is overriding PARAMETER
   C_SPLB_MID_WIDTH value to 1
INFO:EDK:1560 - IPNAME:xps_timer INSTANCE:xps_timer_0 -
   C:\Xilinx\12.3\ISE_DS\EDK\hw\XilinxProcessorIPLib\pcores\xps_timer_v1_02_a\da
   ta\xps_timer_v2_1_0.mpd line 78 - tool is overriding PARAMETER
   C_SPLB_NUM_MASTERS value to 2
INFO:EDK:1560 - IPNAME:mdm INSTANCE:mdm_0 -
   C:\Xilinx\12.3\ISE_DS\EDK\hw\XilinxProcessorIPLib\pcores\mdm_v2_00_a\data\mdm
   _v2_1_0.mpd line 84 - tool is overriding PARAMETER C_SPLB_MID_WIDTH value to
   1
INFO:EDK:1560 - IPNAME:mdm INSTANCE:mdm_0 -
   C:\Xilinx\12.3\ISE_DS\EDK\hw\XilinxProcessorIPLib\pcores\mdm_v2_00_a\data\mdm
   _v2_1_0.mpd line 85 - tool is overriding PARAMETER C_SPLB_NUM_MASTERS value
   to 2
INFO:EDK:1560 - IPNAME:xps_intc INSTANCE:xps_intc_0 -
   C:\Xilinx\12.3\ISE_DS\EDK\hw\XilinxProcessorIPLib\pcores\xps_intc_v2_01_a\dat
   a\xps_intc_v2_1_0.mpd line 73 - tool is overriding PARAMETER
   C_SPLB_NUM_MASTERS value to 2
INFO:EDK:1560 - IPNAME:xps_uartlite INSTANCE:MSP430_UART -
   C:\Xilinx\12.3\ISE_DS\EDK\hw\XilinxProcessorIPLib\pcores\xps_uartlite_v1_01_a
   \data\xps_uartlite_v2_1_0.mpd line 74 - tool is overriding PARAMETER
   C_SPLB_NUM_MASTERS value to 2

Checking platform address map ...

Checking platform configuration ...
IPNAME:plb_v46 INSTANCE:mb_plb -
C:\Datos\Proyecto\PlacaSpartan3A\Avnet\Avnet_UPC\system.mhs line 58 - 2
master(s) : 9 slave(s)
IPNAME:lmb_v10 INSTANCE:ilmb -
C:\Datos\Proyecto\PlacaSpartan3A\Avnet\Avnet_UPC\system.mhs line 65 - 1
master(s) : 1 slave(s)
IPNAME:lmb_v10 INSTANCE:dlmb -
C:\Datos\Proyecto\PlacaSpartan3A\Avnet\Avnet_UPC\system.mhs line 72 - 1
master(s) : 1 slave(s)

Checking port drivers...
WARNING:EDK:2098 - PORT:IWAIT CONNECTOR:ilmb_LMB_Wait -
   C:\Xilinx\12.3\ISE_DS\EDK\hw\XilinxProcessorIPLib\pcores\microblaze_v8_00_a\d
   ata\microblaze_v2_1_0.mpd line 352 - No driver found. Port will be driven to
   GND!
WARNING:EDK:2098 - PORT:ICE CONNECTOR:ilmb_LMB_CE -
   C:\Xilinx\12.3\ISE_DS\EDK\hw\XilinxProcessorIPLib\pcores\microblaze_v8_00_a\d
   ata\microblaze_v2_1_0.mpd line 353 - No driver found. Port will be driven to
   GND!
WARNING:EDK:2098 - PORT:IUE CONNECTOR:ilmb_LMB_UE -
   C:\Xilinx\12.3\ISE_DS\EDK\hw\XilinxProcessorIPLib\pcores\microblaze_v8_00_a\d
   ata\microblaze_v2_1_0.mpd line 354 - No driver found. Port will be driven to
   GND!
WARNING:EDK:2098 - PORT:DWAIT CONNECTOR:dlmb_LMB_Wait -
   C:\Xilinx\12.3\ISE_DS\EDK\hw\XilinxProcessorIPLib\pcores\microblaze_v8_00_a\d
   ata\microblaze_v2_1_0.mpd line 390 - No driver found. Port will be driven to
   GND!
WARNING:EDK:2098 - PORT:DCE CONNECTOR:dlmb_LMB_CE -
   C:\Xilinx\12.3\ISE_DS\EDK\hw\XilinxProcessorIPLib\pcores\microblaze_v8_00_a\d
   ata\microblaze_v2_1_0.mpd line 391 - No driver found. Port will be driven to
   GND!
WARNING:EDK:2098 - PORT:DUE CONNECTOR:dlmb_LMB_UE -
   C:\Xilinx\12.3\ISE_DS\EDK\hw\XilinxProcessorIPLib\pcores\microblaze_v8_00_a\d
   ata\microblaze_v2_1_0.mpd line 392 - No driver found. Port will be driven to
   GND!
WARNING:EDK:2098 - PORT:bscan_tdo1 CONNECTOR:bscan_tdo1 -
   C:\Xilinx\12.3\ISE_DS\EDK\hw\XilinxProcessorIPLib\pcores\mdm_v2_00_a\data\mdm
   _v2_1_0.mpd line 231 - No driver found. Port will be driven to GND!
WARNING:EDK:2099 - PORT:ICACHE_FSL_IN_CLK CONNECTOR:microblaze_0_IXCL_FSL_S_Clk
   -
   C:\Xilinx\12.3\ISE_DS\EDK\hw\XilinxProcessorIPLib\pcores\microblaze_v8_00_a\d
   ata\microblaze_v2_1_0.mpd line 903 - floating connection!
WARNING:EDK:2099 - PORT:ICACHE_FSL_OUT_CLK CONNECTOR:microblaze_0_IXCL_FSL_M_Clk
   -
   C:\Xilinx\12.3\ISE_DS\EDK\hw\XilinxProcessorIPLib\pcores\microblaze_v8_00_a\d
   ata\microblaze_v2_1_0.mpd line 908 - floating connection!
WARNING:EDK:2099 - PORT:bscan_tdi CONNECTOR:bscan_tdi -
   C:\Xilinx\12.3\ISE_DS\EDK\hw\XilinxProcessorIPLib\pcores\mdm_v2_00_a\data\mdm
   _v2_1_0.mpd line 224 - floating connection!
WARNING:EDK:2099 - PORT:bscan_reset CONNECTOR:bscan_reset -
   C:\Xilinx\12.3\ISE_DS\EDK\hw\XilinxProcessorIPLib\pcores\mdm_v2_00_a\data\mdm
   _v2_1_0.mpd line 225 - floating connection!
WARNING:EDK:2099 - PORT:bscan_shift CONNECTOR:bscan_shift -
   C:\Xilinx\12.3\ISE_DS\EDK\hw\XilinxProcessorIPLib\pcores\mdm_v2_00_a\data\mdm
   _v2_1_0.mpd line 226 - floating connection!
WARNING:EDK:2099 - PORT:bscan_update CONNECTOR:bscan_update -
   C:\Xilinx\12.3\ISE_DS\EDK\hw\XilinxProcessorIPLib\pcores\mdm_v2_00_a\data\mdm
   _v2_1_0.mpd line 227 - floating connection!
WARNING:EDK:2099 - PORT:bscan_capture CONNECTOR:bscan_capture -
   C:\Xilinx\12.3\ISE_DS\EDK\hw\XilinxProcessorIPLib\pcores\mdm_v2_00_a\data\mdm
   _v2_1_0.mpd line 228 - floating connection!
WARNING:EDK:2099 - PORT:bscan_sel1 CONNECTOR:bscan_sel1 -
   C:\Xilinx\12.3\ISE_DS\EDK\hw\XilinxProcessorIPLib\pcores\mdm_v2_00_a\data\mdm
   _v2_1_0.mpd line 229 - floating connection!
WARNING:EDK:2099 - PORT:bscan_drck1 CONNECTOR:bscan_drck1 -
   C:\Xilinx\12.3\ISE_DS\EDK\hw\XilinxProcessorIPLib\pcores\mdm_v2_00_a\data\mdm
   _v2_1_0.mpd line 230 - floating connection!
WARNING:EDK:2099 - PORT:Peripheral_Reset CONNECTOR:sys_periph_reset -
   C:\Datos\Proyecto\PlacaSpartan3A\Avnet\Avnet_UPC\system.mhs line 233 -
   floating connection!

Performing Clock DRCs...

Performing Reset DRCs...

Overriding system level properties...
INFO:EDK:1560 - IPNAME:microblaze INSTANCE:microblaze_0 -
   C:\Xilinx\12.3\ISE_DS\EDK\hw\XilinxProcessorIPLib\pcores\microblaze_v8_00_a\d
   ata\microblaze_v2_1_0.mpd line 216 - tcl is overriding PARAMETER C_D_PLB
   value to 1
INFO:EDK:1560 - IPNAME:microblaze INSTANCE:microblaze_0 -
   C:\Xilinx\12.3\ISE_DS\EDK\hw\XilinxProcessorIPLib\pcores\microblaze_v8_00_a\d
   ata\microblaze_v2_1_0.mpd line 219 - tcl is overriding PARAMETER C_I_PLB
   value to 1
INFO:EDK:1560 - IPNAME:microblaze INSTANCE:microblaze_0 -
   C:\Xilinx\12.3\ISE_DS\EDK\hw\XilinxProcessorIPLib\pcores\microblaze_v8_00_a\d
   ata\microblaze_v2_1_0.mpd line 286 - tcl is overriding PARAMETER
   C_ADDR_TAG_BITS value to 11
INFO:EDK:1560 - IPNAME:microblaze INSTANCE:microblaze_0 -
   C:\Xilinx\12.3\ISE_DS\EDK\hw\XilinxProcessorIPLib\pcores\microblaze_v8_00_a\d
   ata\microblaze_v2_1_0.mpd line 309 - tcl is overriding PARAMETER
   C_DCACHE_ADDR_TAG value to 0
INFO:EDK:1560 - IPNAME:microblaze INSTANCE:microblaze_0 -
   C:\Xilinx\12.3\ISE_DS\EDK\hw\XilinxProcessorIPLib\pcores\microblaze_v8_00_a\d
   ata\microblaze_v2_1_0.mpd line 334 - tcl is overriding PARAMETER
   C_USE_INTERRUPT value to 1
INFO:EDK:1560 - IPNAME:microblaze INSTANCE:microblaze_0 -
   C:\Xilinx\12.3\ISE_DS\EDK\hw\XilinxProcessorIPLib\pcores\microblaze_v8_00_a\d
   ata\microblaze_v2_1_0.mpd line 335 - tcl is overriding PARAMETER
   C_USE_EXT_BRK value to 1
INFO:EDK:1560 - IPNAME:microblaze INSTANCE:microblaze_0 -
   C:\Xilinx\12.3\ISE_DS\EDK\hw\XilinxProcessorIPLib\pcores\microblaze_v8_00_a\d
   ata\microblaze_v2_1_0.mpd line 336 - tcl is overriding PARAMETER
   C_USE_EXT_NM_BRK value to 1
INFO:EDK:1560 - IPNAME:lmb_bram_if_cntlr INSTANCE:dlmb_cntlr -
   C:\Xilinx\12.3\ISE_DS\EDK\hw\XilinxProcessorIPLib\pcores\lmb_bram_if_cntlr_v2
   _10_b\data\lmb_bram_if_cntlr_v2_1_0.mpd line 75 - tcl is overriding PARAMETER
   C_MASK value to 0x80000000
INFO:EDK:1560 - IPNAME:lmb_bram_if_cntlr INSTANCE:ilmb_cntlr -
   C:\Xilinx\12.3\ISE_DS\EDK\hw\XilinxProcessorIPLib\pcores\lmb_bram_if_cntlr_v2
   _10_b\data\lmb_bram_if_cntlr_v2_1_0.mpd line 75 - tcl is overriding PARAMETER
   C_MASK value to 0x80000000
INFO:EDK:1560 - IPNAME:xps_intc INSTANCE:xps_intc_0 -
   C:\Xilinx\12.3\ISE_DS\EDK\hw\XilinxProcessorIPLib\pcores\xps_intc_v2_01_a\dat
   a\xps_intc_v2_1_0.mpd line 77 - tcl is overriding PARAMETER C_NUM_INTR_INPUTS
   value to 4
INFO:EDK:1560 - IPNAME:xps_intc INSTANCE:xps_intc_0 -
   C:\Xilinx\12.3\ISE_DS\EDK\hw\XilinxProcessorIPLib\pcores\xps_intc_v2_01_a\dat
   a\xps_intc_v2_1_0.mpd line 78 - tcl is overriding PARAMETER C_KIND_OF_INTR
   value to 0b11111111111111111111111111111101
INFO:EDK:1560 - IPNAME:xps_intc INSTANCE:xps_intc_0 -
   C:\Xilinx\12.3\ISE_DS\EDK\hw\XilinxProcessorIPLib\pcores\xps_intc_v2_01_a\dat
   a\xps_intc_v2_1_0.mpd line 79 - tcl is overriding PARAMETER C_KIND_OF_EDGE
   value to 0b11111111111111111111111111111111
INFO:EDK:1560 - IPNAME:xps_intc INSTANCE:xps_intc_0 -
   C:\Xilinx\12.3\ISE_DS\EDK\hw\XilinxProcessorIPLib\pcores\xps_intc_v2_01_a\dat
   a\xps_intc_v2_1_0.mpd line 80 - tcl is overriding PARAMETER C_KIND_OF_LVL
   value to 0b11111111111111111111111111111111

Running system level update procedures...

Running UPDATE Tcl procedures for OPTION SYSLEVEL_UPDATE_PROC...

Running system level DRCs...

Performing System level DRCs on properties...

Running DRC Tcl procedures for OPTION SYSLEVEL_DRC_PROC...

Running UPDATE Tcl procedures for OPTION PLATGEN_SYSLEVEL_UPDATE_PROC...
INFO: The microblaze_0 core has constraints automatically generated by XPS in
implementation/microblaze_0_wrapper/microblaze_0_wrapper.ucf.
It can be overridden by constraints placed in the system.ucf file.

INFO: The ilmb core has constraints automatically generated by XPS in
implementation/ilmb_wrapper/ilmb_wrapper.ucf.
It can be overridden by constraints placed in the system.ucf file.

INFO: The dlmb core has constraints automatically generated by XPS in
implementation/dlmb_wrapper/dlmb_wrapper.ucf.
It can be overridden by constraints placed in the system.ucf file.


Modify defaults ...

Creating stub ...

Processing licensed instances ...
Completion time: 0.00 seconds

Creating hardware output directories ...

Managing hardware (BBD-specified) netlist files ...

Managing cache ...
IPNAME:microblaze INSTANCE:microblaze_0 -
C:\Datos\Proyecto\PlacaSpartan3A\Avnet\Avnet_UPC\system.mhs line 37 - Copying
cache implementation netlist
IPNAME:plb_v46 INSTANCE:mb_plb -
C:\Datos\Proyecto\PlacaSpartan3A\Avnet\Avnet_UPC\system.mhs line 58 - Copying
cache implementation netlist
IPNAME:lmb_v10 INSTANCE:ilmb -
C:\Datos\Proyecto\PlacaSpartan3A\Avnet\Avnet_UPC\system.mhs line 65 - Copying
cache implementation netlist
IPNAME:lmb_v10 INSTANCE:dlmb -
C:\Datos\Proyecto\PlacaSpartan3A\Avnet\Avnet_UPC\system.mhs line 72 - Copying
cache implementation netlist
IPNAME:lmb_bram_if_cntlr INSTANCE:dlmb_cntlr -
C:\Datos\Proyecto\PlacaSpartan3A\Avnet\Avnet_UPC\system.mhs line 79 - Copying
cache implementation netlist
IPNAME:lmb_bram_if_cntlr INSTANCE:ilmb_cntlr -
C:\Datos\Proyecto\PlacaSpartan3A\Avnet\Avnet_UPC\system.mhs line 88 - Copying
cache implementation netlist
IPNAME:bram_block INSTANCE:lmb_bram -
C:\Datos\Proyecto\PlacaSpartan3A\Avnet\Avnet_UPC\system.mhs line 97 - Copying
cache implementation netlist
IPNAME:xps_uartlite INSTANCE:usb_uart -
C:\Datos\Proyecto\PlacaSpartan3A\Avnet\Avnet_UPC\system.mhs line 104 - Copying
cache implementation netlist
IPNAME:xps_gpio INSTANCE:leds_4bit -
C:\Datos\Proyecto\PlacaSpartan3A\Avnet\Avnet_UPC\system.mhs line 119 - Copying
cache implementation netlist
IPNAME:xps_gpio INSTANCE:cs_push_3bit -
C:\Datos\Proyecto\PlacaSpartan3A\Avnet\Avnet_UPC\system.mhs line 132 - Copying
cache implementation netlist
IPNAME:xps_iic INSTANCE:temp_sensor -
C:\Datos\Proyecto\PlacaSpartan3A\Avnet\Avnet_UPC\system.mhs line 145 - Copying
cache implementation netlist
IPNAME:xps_mch_emc INSTANCE:flash_2mx16 -
C:\Datos\Proyecto\PlacaSpartan3A\Avnet\Avnet_UPC\system.mhs line 156 - Copying
cache implementation netlist
IPNAME:xps_timer INSTANCE:xps_timer_0 -
C:\Datos\Proyecto\PlacaSpartan3A\Avnet\Avnet_UPC\system.mhs line 185 - Copying
cache implementation netlist
IPNAME:mdm INSTANCE:mdm_0 -
C:\Datos\Proyecto\PlacaSpartan3A\Avnet\Avnet_UPC\system.mhs line 211 - Copying
cache implementation netlist
IPNAME:proc_sys_reset INSTANCE:proc_sys_reset_0 -
C:\Datos\Proyecto\PlacaSpartan3A\Avnet\Avnet_UPC\system.mhs line 223 - Copying
cache implementation netlist
IPNAME:xps_uartlite INSTANCE:msp430_uart -
C:\Datos\Proyecto\PlacaSpartan3A\Avnet\Avnet_UPC\system.mhs line 246 - Copying
cache implementation netlist

Elaborating instances ...
IPNAME:bram_block INSTANCE:lmb_bram -
C:\Datos\Proyecto\PlacaSpartan3A\Avnet\Avnet_UPC\system.mhs line 97 -
elaborating IP
IPNAME:clock_generator INSTANCE:clock_generator_0 -
C:\Datos\Proyecto\PlacaSpartan3A\Avnet\Avnet_UPC\system.mhs line 196 -
elaborating IP
ClkGen elaborate status: PASSED
----------------------------------------

Writing HDL for elaborated instances ...

Inserting wrapper level ...
Completion time: 0.00 seconds

Constructing platform-level connectivity ...
Completion time: 0.00 seconds

Writing (top-level) BMM ...

Writing (top-level and wrappers) HDL ...

Generating synthesis project file ...

Running XST synthesis ...

INFO:EDK:2502 - The following instances are synthesized with XST. The MPD option
   IMP_NETLIST=TRUE indicates that a NGC file is to be produced using XST
   synthesis. IMP_NETLIST=FALSE (default) instances are not synthesized. 
INSTANCE:clock_generator_0 -
C:\Datos\Proyecto\PlacaSpartan3A\Avnet\Avnet_UPC\system.mhs line 196 - Running
XST synthesis
INSTANCE:xps_intc_0 -
C:\Datos\Proyecto\PlacaSpartan3A\Avnet\Avnet_UPC\system.mhs line 236 - Running
XST synthesis

Running NGCBUILD ...
IPNAME:clock_generator_0_wrapper INSTANCE:clock_generator_0 -
C:\Datos\Proyecto\PlacaSpartan3A\Avnet\Avnet_UPC\system.mhs line 196 - Running
NGCBUILD
IPNAME:xps_intc_0_wrapper INSTANCE:xps_intc_0 -
C:\Datos\Proyecto\PlacaSpartan3A\Avnet\Avnet_UPC\system.mhs line 236 - Running
NGCBUILD

Rebuilding cache ...

Total run time: 35.00 seconds
