
Checking platform configuration ...
IPNAME:plb_v46 INSTANCE:mb_plb -
C:\Datos\Proyecto\PlacaSpartan3A\Avnet\Avnet_UPC\system.mhs line 58 - 2
master(s) : 9 slave(s)
IPNAME:lmb_v10 INSTANCE:ilmb -
C:\Datos\Proyecto\PlacaSpartan3A\Avnet\Avnet_UPC\system.mhs line 65 - 1
master(s) : 1 slave(s)
IPNAME:lmb_v10 INSTANCE:dlmb -
C:\Datos\Proyecto\PlacaSpartan3A\Avnet\Avnet_UPC\system.mhs line 72 - 1
master(s) : 1 slave(s)

Checking port drivers...
WARNING:EDK:2098 - PORT:IWAIT CONNECTOR:ilmb_LMB_Wait -
   C:\Xilinx\12.3\ISE_DS\EDK\hw\XilinxProcessorIPLib\pcores\microblaze_v8_00_a\d
   ata\microblaze_v2_1_0.mpd line 352 - No driver found. Port will be driven to
   GND!
WARNING:EDK:2098 - PORT:ICE CONNECTOR:ilmb_LMB_CE -
   C:\Xilinx\12.3\ISE_DS\EDK\hw\XilinxProcessorIPLib\pcores\microblaze_v8_00_a\d
   ata\microblaze_v2_1_0.mpd line 353 - No driver found. Port will be driven to
   GND!
WARNING:EDK:2098 - PORT:IUE CONNECTOR:ilmb_LMB_UE -
   C:\Xilinx\12.3\ISE_DS\EDK\hw\XilinxProcessorIPLib\pcores\microblaze_v8_00_a\d
   ata\microblaze_v2_1_0.mpd line 354 - No driver found. Port will be driven to
   GND!
WARNING:EDK:2098 - PORT:DWAIT CONNECTOR:dlmb_LMB_Wait -
   C:\Xilinx\12.3\ISE_DS\EDK\hw\XilinxProcessorIPLib\pcores\microblaze_v8_00_a\d
   ata\microblaze_v2_1_0.mpd line 390 - No driver found. Port will be driven to
   GND!
WARNING:EDK:2098 - PORT:DCE CONNECTOR:dlmb_LMB_CE -
   C:\Xilinx\12.3\ISE_DS\EDK\hw\XilinxProcessorIPLib\pcores\microblaze_v8_00_a\d
   ata\microblaze_v2_1_0.mpd line 391 - No driver found. Port will be driven to
   GND!
WARNING:EDK:2098 - PORT:DUE CONNECTOR:dlmb_LMB_UE -
   C:\Xilinx\12.3\ISE_DS\EDK\hw\XilinxProcessorIPLib\pcores\microblaze_v8_00_a\d
   ata\microblaze_v2_1_0.mpd line 392 - No driver found. Port will be driven to
   GND!
WARNING:EDK:2098 - PORT:bscan_tdo1 CONNECTOR:bscan_tdo1 -
   C:\Xilinx\12.3\ISE_DS\EDK\hw\XilinxProcessorIPLib\pcores\mdm_v2_00_a\data\mdm
   _v2_1_0.mpd line 231 - No driver found. Port will be driven to GND!
WARNING:EDK:2099 - PORT:ICACHE_FSL_IN_CLK CONNECTOR:microblaze_0_IXCL_FSL_S_Clk
   -
   C:\Xilinx\12.3\ISE_DS\EDK\hw\XilinxProcessorIPLib\pcores\microblaze_v8_00_a\d
   ata\microblaze_v2_1_0.mpd line 903 - floating connection!
WARNING:EDK:2099 - PORT:ICACHE_FSL_OUT_CLK CONNECTOR:microblaze_0_IXCL_FSL_M_Clk
   -
   C:\Xilinx\12.3\ISE_DS\EDK\hw\XilinxProcessorIPLib\pcores\microblaze_v8_00_a\d
   ata\microblaze_v2_1_0.mpd line 908 - floating connection!
WARNING:EDK:2099 - PORT:bscan_tdi CONNECTOR:bscan_tdi -
   C:\Xilinx\12.3\ISE_DS\EDK\hw\XilinxProcessorIPLib\pcores\mdm_v2_00_a\data\mdm
   _v2_1_0.mpd line 224 - floating connection!
WARNING:EDK:2099 - PORT:bscan_reset CONNECTOR:bscan_reset -
   C:\Xilinx\12.3\ISE_DS\EDK\hw\XilinxProcessorIPLib\pcores\mdm_v2_00_a\data\mdm
   _v2_1_0.mpd line 225 - floating connection!
WARNING:EDK:2099 - PORT:bscan_shift CONNECTOR:bscan_shift -
   C:\Xilinx\12.3\ISE_DS\EDK\hw\XilinxProcessorIPLib\pcores\mdm_v2_00_a\data\mdm
   _v2_1_0.mpd line 226 - floating connection!
WARNING:EDK:2099 - PORT:bscan_update CONNECTOR:bscan_update -
   C:\Xilinx\12.3\ISE_DS\EDK\hw\XilinxProcessorIPLib\pcores\mdm_v2_00_a\data\mdm
   _v2_1_0.mpd line 227 - floating connection!
WARNING:EDK:2099 - PORT:bscan_capture CONNECTOR:bscan_capture -
   C:\Xilinx\12.3\ISE_DS\EDK\hw\XilinxProcessorIPLib\pcores\mdm_v2_00_a\data\mdm
   _v2_1_0.mpd line 228 - floating connection!
WARNING:EDK:2099 - PORT:bscan_sel1 CONNECTOR:bscan_sel1 -
   C:\Xilinx\12.3\ISE_DS\EDK\hw\XilinxProcessorIPLib\pcores\mdm_v2_00_a\data\mdm
   _v2_1_0.mpd line 229 - floating connection!
WARNING:EDK:2099 - PORT:bscan_drck1 CONNECTOR:bscan_drck1 -
   C:\Xilinx\12.3\ISE_DS\EDK\hw\XilinxProcessorIPLib\pcores\mdm_v2_00_a\data\mdm
   _v2_1_0.mpd line 230 - floating connection!
WARNING:EDK:2099 - PORT:Peripheral_Reset CONNECTOR:sys_periph_reset -
   C:\Datos\Proyecto\PlacaSpartan3A\Avnet\Avnet_UPC\system.mhs line 233 -
   floating connection!

Performing Clock DRCs...

Performing Reset DRCs...

Overriding system level properties...

Running system level update procedures...

Running UPDATE Tcl procedures for OPTION SYSLEVEL_UPDATE_PROC...

Running system level DRCs...

Performing System level DRCs on properties...

Running DRC Tcl procedures for OPTION SYSLEVEL_DRC_PROC...
Conversion to XML complete.
