Generated Block Diagram.
Rasterizing microblaze_0.jpg.....
Rasterizing mb_plb.jpg.....
Rasterizing ilmb.jpg.....
Rasterizing dlmb.jpg.....
Rasterizing dlmb_cntlr.jpg.....
Rasterizing ilmb_cntlr.jpg.....
Rasterizing lmb_bram.jpg.....
Rasterizing USB_UART.jpg.....
Rasterizing LEDS_4BIT.jpg.....
Rasterizing CS_PUSH_3BIT.jpg.....
Rasterizing TEMP_SENSOR.jpg.....
Rasterizing FLASH_2Mx16.jpg.....
Rasterizing xps_timer_0.jpg.....
Rasterizing clock_generator_0.jpg.....
Rasterizing mdm_0.jpg.....
Rasterizing proc_sys_reset_0.jpg.....
Rasterizing xps_intc_0.jpg.....
Rasterizing MSP430_UART.jpg.....
Rasterizing system_blkd.jpg.....
Report generated.
Report generation completed.
