06-may-2011 20:07:51 org.eclipse.rtsc.xdctools.ui.logger.XDCLogger LogException
GRAVE: org.eclipse.rtsc.xdctools.INVALID_XDCTOOLS_LOCATION: Invalid XDCtools location 
xdc.services.global.XDCException: org.eclipse.rtsc.xdctools.INVALID_XDCTOOLS_LOCATION: Invalid XDCtools location 
	at org.eclipse.rtsc.xdctools.ui.properties.XDCPropertiesManager.initPrefs(XDCPropertiesManager.java:104)
	at org.eclipse.rtsc.xdctools.ui.properties.XDCPropertiesManager.init(XDCPropertiesManager.java:59)
	at org.eclipse.rtsc.xdctools.model.ui.editors.CCSChangeListener.resourceChanged(CCSChangeListener.java:113)
	at org.eclipse.core.internal.events.NotificationManager$2.run(NotificationManager.java:284)
	at org.eclipse.core.runtime.SafeRunner.run(SafeRunner.java:37)
	at org.eclipse.core.internal.events.NotificationManager.notify(NotificationManager.java:278)
	at org.eclipse.core.internal.events.NotificationManager.broadcastChanges(NotificationManager.java:152)
	at org.eclipse.core.internal.resources.Workspace.broadcastPostChange(Workspace.java:256)
	at org.eclipse.core.internal.resources.Workspace.aboutToBuild(Workspace.java:187)
	at org.eclipse.core.internal.resources.Project.build(Project.java:87)
	at org.eclipse.cdt.managedbuilder.internal.core.ManagedProject$1.run(ManagedProject.java:312)
	at org.eclipse.core.internal.resources.Workspace.run(Workspace.java:1737)
	at org.eclipse.core.internal.resources.Workspace.run(Workspace.java:1719)
	at org.eclipse.cdt.managedbuilder.internal.core.ManagedProject.removeConfiguration(ManagedProject.java:337)
	at org.eclipse.rtsc.xdctools.managedbuild.ui.RTSCProjectConversionMonitor.processAddedFile_CFG(RTSCProjectConversionMonitor.java:195)
	at org.eclipse.rtsc.xdctools.managedbuild.ui.RTSCProjectConversionMonitor.processAddedFile(RTSCProjectConversionMonitor.java:112)
	at org.eclipse.rtsc.xdctools.managedbuild.ui.RTSCProjectConversionMonitor.access$0(RTSCProjectConversionMonitor.java:103)
	at org.eclipse.rtsc.xdctools.managedbuild.ui.RTSCProjectConversionMonitor$1.visit(RTSCProjectConversionMonitor.java:86)
	at org.eclipse.core.internal.events.ResourceDelta.accept(ResourceDelta.java:67)
	at org.eclipse.core.internal.events.ResourceDelta.accept(ResourceDelta.java:76)
	at org.eclipse.core.internal.events.ResourceDelta.accept(ResourceDelta.java:76)
	at org.eclipse.core.internal.events.ResourceDelta.accept(ResourceDelta.java:76)
	at org.eclipse.core.internal.events.ResourceDelta.accept(ResourceDelta.java:76)
	at org.eclipse.core.internal.events.ResourceDelta.accept(ResourceDelta.java:76)
	at org.eclipse.core.internal.events.ResourceDelta.accept(ResourceDelta.java:76)
	at org.eclipse.core.internal.events.ResourceDelta.accept(ResourceDelta.java:76)
	at org.eclipse.core.internal.events.ResourceDelta.accept(ResourceDelta.java:76)
	at org.eclipse.core.internal.events.ResourceDelta.accept(ResourceDelta.java:48)
	at org.eclipse.rtsc.xdctools.managedbuild.ui.RTSCProjectConversionMonitor.resourceChanged(RTSCProjectConversionMonitor.java:73)
	at org.eclipse.core.internal.events.NotificationManager$2.run(NotificationManager.java:284)
	at org.eclipse.core.runtime.SafeRunner.run(SafeRunner.java:37)
	at org.eclipse.core.internal.events.NotificationManager.notify(NotificationManager.java:278)
	at org.eclipse.core.internal.events.NotificationManager.broadcastChanges(NotificationManager.java:152)
	at org.eclipse.core.internal.resources.Workspace.broadcastBuildEvent(Workspace.java:240)
	at org.eclipse.core.internal.events.AutoBuildJob.doBuild(AutoBuildJob.java:142)
	at org.eclipse.core.internal.events.AutoBuildJob.run(AutoBuildJob.java:208)
	at org.eclipse.core.internal.jobs.Worker.run(Worker.java:58)
06-may-2011 20:08:21 org.eclipse.rtsc.xdctools.ui.logger.XDCLogger LogException
GRAVE: org.eclipse.rtsc.xdctools.INVALID_XDCTOOLS_LOCATION: Invalid XDCtools location 
xdc.services.global.XDCException: org.eclipse.rtsc.xdctools.INVALID_XDCTOOLS_LOCATION: Invalid XDCtools location 
	at org.eclipse.rtsc.xdctools.ui.properties.XDCPropertiesManager.initPrefs(XDCPropertiesManager.java:104)
	at org.eclipse.rtsc.xdctools.ui.properties.XDCPropertiesManager.init(XDCPropertiesManager.java:59)
	at org.eclipse.rtsc.xdctools.model.ui.editors.CCSChangeListener.resourceChanged(CCSChangeListener.java:113)
	at org.eclipse.core.internal.events.NotificationManager$2.run(NotificationManager.java:284)
	at org.eclipse.core.runtime.SafeRunner.run(SafeRunner.java:37)
	at org.eclipse.core.internal.events.NotificationManager.notify(NotificationManager.java:278)
	at org.eclipse.core.internal.events.NotificationManager.broadcastChanges(NotificationManager.java:152)
	at org.eclipse.core.internal.resources.Workspace.broadcastPostChange(Workspace.java:256)
	at org.eclipse.core.internal.resources.Workspace.aboutToBuild(Workspace.java:187)
	at org.eclipse.core.internal.resources.Project.build(Project.java:87)
	at org.eclipse.cdt.managedbuilder.internal.core.ManagedProject$1.run(ManagedProject.java:312)
	at org.eclipse.core.internal.resources.Workspace.run(Workspace.java:1737)
	at org.eclipse.core.internal.resources.Workspace.run(Workspace.java:1719)
	at org.eclipse.cdt.managedbuilder.internal.core.ManagedProject.removeConfiguration(ManagedProject.java:337)
	at org.eclipse.rtsc.xdctools.managedbuild.ui.RTSCProjectConversionMonitor.processAddedFile_CFG(RTSCProjectConversionMonitor.java:195)
	at org.eclipse.rtsc.xdctools.managedbuild.ui.RTSCProjectConversionMonitor.processAddedFile(RTSCProjectConversionMonitor.java:112)
	at org.eclipse.rtsc.xdctools.managedbuild.ui.RTSCProjectConversionMonitor.access$0(RTSCProjectConversionMonitor.java:103)
	at org.eclipse.rtsc.xdctools.managedbuild.ui.RTSCProjectConversionMonitor$1.visit(RTSCProjectConversionMonitor.java:86)
	at org.eclipse.core.internal.events.ResourceDelta.accept(ResourceDelta.java:67)
	at org.eclipse.core.internal.events.ResourceDelta.accept(ResourceDelta.java:76)
	at org.eclipse.core.internal.events.ResourceDelta.accept(ResourceDelta.java:76)
	at org.eclipse.core.internal.events.ResourceDelta.accept(ResourceDelta.java:76)
	at org.eclipse.core.internal.events.ResourceDelta.accept(ResourceDelta.java:76)
	at org.eclipse.core.internal.events.ResourceDelta.accept(ResourceDelta.java:76)
	at org.eclipse.core.internal.events.ResourceDelta.accept(ResourceDelta.java:76)
	at org.eclipse.core.internal.events.ResourceDelta.accept(ResourceDelta.java:76)
	at org.eclipse.core.internal.events.ResourceDelta.accept(ResourceDelta.java:76)
	at org.eclipse.core.internal.events.ResourceDelta.accept(ResourceDelta.java:48)
	at org.eclipse.rtsc.xdctools.managedbuild.ui.RTSCProjectConversionMonitor.resourceChanged(RTSCProjectConversionMonitor.java:73)
	at org.eclipse.core.internal.events.NotificationManager$2.run(NotificationManager.java:284)
	at org.eclipse.core.runtime.SafeRunner.run(SafeRunner.java:37)
	at org.eclipse.core.internal.events.NotificationManager.notify(NotificationManager.java:278)
	at org.eclipse.core.internal.events.NotificationManager.broadcastChanges(NotificationManager.java:152)
	at org.eclipse.core.internal.resources.Workspace.broadcastBuildEvent(Workspace.java:240)
	at org.eclipse.core.internal.events.AutoBuildJob.doBuild(AutoBuildJob.java:142)
	at org.eclipse.core.internal.events.AutoBuildJob.run(AutoBuildJob.java:208)
	at org.eclipse.core.internal.jobs.Worker.run(Worker.java:58)
